#
# A fatal error has been detected by the Java Runtime Environment:
#
#  EXCEPTION_ACCESS_VIOLATION (0xc0000005) at pc=0x000007fefee312b9, pid=19648, tid=11564
#
# JRE version: 6.0_30-b12
# Java VM: Java HotSpot(TM) 64-Bit Server VM (20.5-b03 mixed mode windows-amd64 compressed oops)
# Problematic frame:
# C  [msvcrt.dll+0x12b9]
#
# If you would like to submit a bug report, please visit:
#   http://java.sun.com/webapps/bugreport/crash.jsp
#

---------------  T H R E A D  ---------------

Current thread (0x000000000058d000):  JavaThread "main" [_thread_in_vm, id=11564, stack(0x0000000002470000,0x0000000002570000)]

siginfo: ExceptionCode=0xc0000005, reading address 0x000000000000000f

Registers:
RAX=0x00000007e44911dd, RBX=0x000000000058d000, RCX=0x00000007e44911dc, RDX=0xfffffff81bb6ee33
RSP=0x000000000256e5a8, RBP=0x000000000256e6e0, RSI=0x000000000000000c, RDI=0x0000000000000000
R8 =0x0000000000000004, R9 =0x00000007e44911d9, R10=0x0000000002581359, R11=0x00000007e44911d9
R12=0x0000000000000000, R13=0x00000007400cef68, R14=0x000000000256e740, R15=0x000000000058d000
RIP=0x000007fefee312b9, EFLAGS=0x0000000000010202

Top of Stack: (sp=0x000000000256e5a8)
0x000000000256e5a8:   000000006daf3a43 0000000002574ed0
0x000000000256e5b8:   0000000000000000 000000000256e788
0x000000000256e5c8:   000000000256e738 000000000256e738
0x000000000256e5d8:   000000006da7e197 0000000002574ed0
0x000000000256e5e8:   0000000000000000 000000000256e788
0x000000000256e5f8:   000000000256e738 000000000256e738
0x000000000256e608:   000000000258c203 0000000002575a0e
0x000000000256e618:   00000000e801897b 00000007400cef68
0x000000000256e628:   0000000002581386 000000000256e738
0x000000000256e638:   000000000258c203 0000000002574ed0
0x000000000256e648:   0000000000000000 000000000256e720
0x000000000256e658:   0000000000000091 0000000000000004
0x000000000256e668:   000000000058da18 000000000058da20
0x000000000256e678:   000000000058da40 000000000000000b
0x000000000256e688:   0000000740b1b670 00000000000000b6
0x000000000256e698:   000000000058d9d0 000000000256e6a0 

Instructions: (pc=0x000007fefee312b9)
0x000007fefee31299:   c3 48 83 c1 08 49 ff c9 75 db 49 83 e0 07 eb 00
0x000007fefee312a9:   4d 85 c0 0f 85 aa 00 00 00 48 33 c0 c3 48 ff c9
0x000007fefee312b9:   8a 04 0a 49 ff c8 88 01 75 f3 49 8b c3 c3 90 90
0x000007fefee312c9:   90 90 90 90 90 90 90 48 89 5c 24 08 57 48 83 ec 


Register to memory mapping:

RAX=0x00000007e44911dd is an unknown value
RBX=0x000000000058d000 is a thread
RCX=0x00000007e44911dc is an unknown value
RDX=0xfffffff81bb6ee33 is an unknown value
RSP=0x000000000256e5a8 is pointing into the stack for thread: 0x000000000058d000
RBP=0x000000000256e6e0 is pointing into the stack for thread: 0x000000000058d000
RSI=0x000000000000000c is an unknown value
RDI=0x0000000000000000 is an unknown value
R8 =0x0000000000000004 is an unknown value
R9 =0x00000007e44911d9 is an unknown value
R10=0x0000000002581359 is an Interpreter codelet
method entry point (kind = native)  [0x00000000025810e0, 0x0000000002581960]  2176 bytes
R11=0x00000007e44911d9 is an unknown value
R12=0x0000000000000000 is an unknown value
R13=0x00000007400cef68 is an oop
{method} 
 - klass: {other class}
R14=0x000000000256e740 is pointing into the stack for thread: 0x000000000058d000
R15=0x000000000058d000 is a thread


Stack: [0x0000000002470000,0x0000000002570000],  sp=0x000000000256e5a8,  free space=1017k
Native frames: (J=compiled Java code, j=interpreted, Vv=VM code, C=native code)
C  [msvcrt.dll+0x12b9]  memcmp+0x69
j  tr.com.serkanozal.jiagara.serialize.writer.dma.DirectMemoryAccessBasedOutputWriterImpl.writeInteger(Ljava/lang/Object;J)V+42
j  tr.com.serkanozal.jiagara.serialize.field.dma.AbstractDmaBasedFieldSerializer.writeClass(Ljava/lang/Class;Ltr/com/serkanozal/jiagara/serialize/writer/dma/DirectMemoryAccessBasedOutputWriter;)Z+62
j  tr.com.serkanozal.jiagara.serialize.field.dma.object.DmaBasedObjectFieldSerializer.serializeField(Ljava/lang/Object;Ltr/com/serkanozal/jiagara/serialize/writer/dma/DirectMemoryAccessBasedOutputWriter;)V+39
j  tr.com.serkanozal.jiagara.serialize.field.dma.object.DmaBasedObjectFieldSerializer.serializeField(Ljava/lang/Object;Ltr/com/serkanozal/jiagara/serialize/writer/OutputWriter;)V+9
j  tr.com.serkanozal.jiagara.serialize.dma.DirectMemoryAccessBasedSerializer.serialize(Ljava/lang/Object;Ltr/com/serkanozal/jiagara/serialize/writer/dma/DirectMemoryAccessBasedOutputWriter;)V+25
j  tr.com.serkanozal.jiagara.serialize.dma.DirectMemoryAccessBasedSerializer.serialize(Ljava/lang/Object;Ljava/io/OutputStream;)V+38
j  tr.com.serkanozal.jiagara.service.serialize.SerializerServiceImpl.serialize(Ljava/lang/Object;Ljava/io/OutputStream;)V+44
j  tr.com.serkanozal.jiagara.benchmark.SerializationBenchmarkTest$JiagaraSerializationBenchmarkTestDriver.serialize(Ljava/lang/Object;Ljava/io/OutputStream;)V+9
j  tr.com.serkanozal.jiagara.benchmark.SerializationBenchmarkTest.runSerializationBenchmarkTestDrivers()V+194
v  ~StubRoutines::call_stub
V  [jvm.dll+0x1e9da7]

Java frames: (J=compiled Java code, j=interpreted, Vv=VM code)
j  sun.misc.Unsafe.copyMemory(Ljava/lang/Object;JLjava/lang/Object;JJ)V+0
j  tr.com.serkanozal.jiagara.serialize.writer.dma.DirectMemoryAccessBasedOutputWriterImpl.writeInteger(Ljava/lang/Object;J)V+42
j  tr.com.serkanozal.jiagara.serialize.field.dma.AbstractDmaBasedFieldSerializer.writeClass(Ljava/lang/Class;Ltr/com/serkanozal/jiagara/serialize/writer/dma/DirectMemoryAccessBasedOutputWriter;)Z+62
j  tr.com.serkanozal.jiagara.serialize.field.dma.object.DmaBasedObjectFieldSerializer.serializeField(Ljava/lang/Object;Ltr/com/serkanozal/jiagara/serialize/writer/dma/DirectMemoryAccessBasedOutputWriter;)V+39
j  tr.com.serkanozal.jiagara.serialize.field.dma.object.DmaBasedObjectFieldSerializer.serializeField(Ljava/lang/Object;Ltr/com/serkanozal/jiagara/serialize/writer/OutputWriter;)V+9
j  tr.com.serkanozal.jiagara.serialize.dma.DirectMemoryAccessBasedSerializer.serialize(Ljava/lang/Object;Ltr/com/serkanozal/jiagara/serialize/writer/dma/DirectMemoryAccessBasedOutputWriter;)V+25
j  tr.com.serkanozal.jiagara.serialize.dma.DirectMemoryAccessBasedSerializer.serialize(Ljava/lang/Object;Ljava/io/OutputStream;)V+38
j  tr.com.serkanozal.jiagara.service.serialize.SerializerServiceImpl.serialize(Ljava/lang/Object;Ljava/io/OutputStream;)V+44
j  tr.com.serkanozal.jiagara.benchmark.SerializationBenchmarkTest$JiagaraSerializationBenchmarkTestDriver.serialize(Ljava/lang/Object;Ljava/io/OutputStream;)V+9
j  tr.com.serkanozal.jiagara.benchmark.SerializationBenchmarkTest.runSerializationBenchmarkTestDrivers()V+194
v  ~StubRoutines::call_stub
j  sun.reflect.NativeMethodAccessorImpl.invoke0(Ljava/lang/reflect/Method;Ljava/lang/Object;[Ljava/lang/Object;)Ljava/lang/Object;+0
j  sun.reflect.NativeMethodAccessorImpl.invoke(Ljava/lang/Object;[Ljava/lang/Object;)Ljava/lang/Object;+87
j  sun.reflect.DelegatingMethodAccessorImpl.invoke(Ljava/lang/Object;[Ljava/lang/Object;)Ljava/lang/Object;+6
j  java.lang.reflect.Method.invoke(Ljava/lang/Object;[Ljava/lang/Object;)Ljava/lang/Object;+161
j  org.junit.runners.model.FrameworkMethod$1.runReflectiveCall()Ljava/lang/Object;+15
j  org.junit.internal.runners.model.ReflectiveCallable.run()Ljava/lang/Object;+1
j  org.junit.runners.model.FrameworkMethod.invokeExplosively(Ljava/lang/Object;[Ljava/lang/Object;)Ljava/lang/Object;+10
j  org.junit.internal.runners.statements.InvokeMethod.evaluate()V+12
j  org.junit.runners.BlockJUnit4ClassRunner.runNotIgnored(Lorg/junit/runners/model/FrameworkMethod;Lorg/junit/internal/runners/model/EachTestNotifier;)V+9
j  org.junit.runners.BlockJUnit4ClassRunner.runChild(Lorg/junit/runners/model/FrameworkMethod;Lorg/junit/runner/notification/RunNotifier;)V+28
j  org.junit.runners.BlockJUnit4ClassRunner.runChild(Ljava/lang/Object;Lorg/junit/runner/notification/RunNotifier;)V+6
j  org.junit.runners.ParentRunner$3.run()V+12
j  org.junit.runners.ParentRunner$1.schedule(Ljava/lang/Runnable;)V+1
j  org.junit.runners.ParentRunner.runChildren(Lorg/junit/runner/notification/RunNotifier;)V+40
j  org.junit.runners.ParentRunner.access$000(Lorg/junit/runners/ParentRunner;Lorg/junit/runner/notification/RunNotifier;)V+2
j  org.junit.runners.ParentRunner$2.evaluate()V+8
j  org.junit.runners.ParentRunner.run(Lorg/junit/runner/notification/RunNotifier;)V+20
j  org.eclipse.jdt.internal.junit4.runner.JUnit4TestReference.run(Lorg/eclipse/jdt/internal/junit/runner/TestExecution;)V+72
j  org.eclipse.jdt.internal.junit.runner.TestExecution.run([Lorg/eclipse/jdt/internal/junit/runner/ITestReference;)V+17
j  org.eclipse.jdt.internal.junit.runner.RemoteTestRunner.runTests([Ljava/lang/String;Ljava/lang/String;Lorg/eclipse/jdt/internal/junit/runner/TestExecution;)V+61
j  org.eclipse.jdt.internal.junit.runner.RemoteTestRunner.runTests(Lorg/eclipse/jdt/internal/junit/runner/TestExecution;)V+10
j  org.eclipse.jdt.internal.junit.runner.RemoteTestRunner.run()V+70
j  org.eclipse.jdt.internal.junit.runner.RemoteTestRunner.main([Ljava/lang/String;)V+14
v  ~StubRoutines::call_stub

---------------  P R O C E S S  ---------------

Java Threads: ( => current thread )
  0x0000000007e15000 JavaThread "ReaderThread" [_thread_in_native, id=11852, stack(0x00000000083a0000,0x00000000084a0000)]
  0x0000000006a82800 JavaThread "Low Memory Detector" daemon [_thread_blocked, id=12216, stack(0x0000000007b50000,0x0000000007c50000)]
  0x0000000006a77800 JavaThread "C2 CompilerThread1" daemon [_thread_blocked, id=12872, stack(0x0000000007a50000,0x0000000007b50000)]
  0x0000000006a62000 JavaThread "C2 CompilerThread0" daemon [_thread_blocked, id=14636, stack(0x0000000007950000,0x0000000007a50000)]
  0x0000000006a61000 JavaThread "Attach Listener" daemon [_thread_blocked, id=17984, stack(0x0000000007850000,0x0000000007950000)]
  0x0000000006a60000 JavaThread "Signal Dispatcher" daemon [_thread_blocked, id=15824, stack(0x0000000007750000,0x0000000007850000)]
  0x0000000006a0e800 JavaThread "Finalizer" daemon [_thread_blocked, id=152, stack(0x0000000007650000,0x0000000007750000)]
  0x0000000006a08800 JavaThread "Reference Handler" daemon [_thread_blocked, id=9956, stack(0x0000000007550000,0x0000000007650000)]
=>0x000000000058d000 JavaThread "main" [_thread_in_vm, id=11564, stack(0x0000000002470000,0x0000000002570000)]

Other Threads:
  0x00000000069fd000 VMThread [stack: 0x0000000007450000,0x0000000007550000] [id=13168]
  0x0000000006a93800 WatcherThread [stack: 0x0000000007c50000,0x0000000007d50000] [id=16328]

VM state:not at safepoint (normal execution)

VM Mutex/Monitor currently owned by a thread: None

Heap
 PSYoungGen      total 305856K, used 276790K [0x00000007d5560000, 0x00000007faac0000, 0x0000000800000000)
  eden space 262208K, 94% used [0x00000007d5560000,0x00000007e4613c08,0x00000007e5570000)
  from space 43648K, 69% used [0x00000007e5570000,0x00000007e7309c50,0x00000007e8010000)
  to   space 43648K, 0% used [0x00000007f8020000,0x00000007f8020000,0x00000007faac0000)
 PSOldGen        total 699072K, used 823K [0x0000000780000000, 0x00000007aaab0000, 0x00000007d5560000)
  object space 699072K, 0% used [0x0000000780000000,0x00000007800cde10,0x00000007aaab0000)
 PSPermGen       total 524288K, used 11445K [0x0000000740000000, 0x0000000760000000, 0x0000000780000000)
  object space 524288K, 2% used [0x0000000740000000,0x0000000740b2d4b0,0x0000000760000000)

Code Cache  [0x0000000002570000, 0x00000000027e0000, 0x0000000005570000)
 total_blobs=493 nmethods=231 adapters=215 free_code_cache=49546688 largest_free_block=8064

Dynamic libraries:
0x0000000000400000 - 0x000000000042f000 	C:\Program Files\Java\jdk1.6.0_30\bin\javaw.exe
0x00000000771c0000 - 0x0000000077369000 	C:\Windows\SYSTEM32\ntdll.dll
0x00000000770a0000 - 0x00000000771bf000 	C:\Windows\system32\kernel32.dll
0x000007fefd1c0000 - 0x000007fefd22b000 	C:\Windows\system32\KERNELBASE.dll
0x000007feff390000 - 0x000007feff46b000 	C:\Windows\system32\ADVAPI32.dll
0x000007fefee30000 - 0x000007fefeecf000 	C:\Windows\system32\msvcrt.dll
0x000007fefdd70000 - 0x000007fefdd8f000 	C:\Windows\SYSTEM32\sechost.dll
0x000007fefdc40000 - 0x000007fefdd6d000 	C:\Windows\system32\RPCRT4.dll
0x0000000076fa0000 - 0x000000007709a000 	C:\Windows\system32\USER32.dll
0x000007feff2a0000 - 0x000007feff307000 	C:\Windows\system32\GDI32.dll
0x000007feff0b0000 - 0x000007feff0be000 	C:\Windows\system32\LPK.dll
0x000007fefdfc0000 - 0x000007fefe089000 	C:\Windows\system32\USP10.dll
0x000007feff0c0000 - 0x000007feff0ee000 	C:\Windows\system32\IMM32.DLL
0x000007feff190000 - 0x000007feff299000 	C:\Windows\system32\MSCTF.dll
0x000000006d8b0000 - 0x000000006e068000 	C:\Program Files\Java\jdk1.6.0_30\jre\bin\server\jvm.dll
0x000007fefad10000 - 0x000007fefad4b000 	C:\Windows\system32\WINMM.dll
0x000000006d820000 - 0x000000006d82e000 	C:\Program Files\Java\jdk1.6.0_30\jre\bin\verify.dll
0x000000006d450000 - 0x000000006d477000 	C:\Program Files\Java\jdk1.6.0_30\jre\bin\java.dll
0x000000006d870000 - 0x000000006d882000 	C:\Program Files\Java\jdk1.6.0_30\jre\bin\zip.dll
0x000000006d6b0000 - 0x000000006d6c7000 	C:\Program Files\Java\jdk1.6.0_30\jre\bin\net.dll
0x000007fefdbf0000 - 0x000007fefdc3d000 	C:\Windows\system32\WS2_32.dll
0x000007fefee20000 - 0x000007fefee28000 	C:\Windows\system32\NSI.dll
0x000007fefc7a0000 - 0x000007fefc7f5000 	C:\Windows\system32\mswsock.dll
0x000007fefccf0000 - 0x000007fefccf7000 	C:\Windows\System32\wship6.dll
0x000007fefc180000 - 0x000007fefc187000 	C:\Windows\System32\wshtcpip.dll
0x000000006d5f0000 - 0x000000006d5fa000 	C:\Program Files\Java\jdk1.6.0_30\jre\bin\management.dll
0x000007fefc800000 - 0x000007fefc817000 	C:\Windows\system32\CRYPTSP.dll
0x000007fefc510000 - 0x000007fefc557000 	C:\Windows\system32\rsaenh.dll
0x000007fefc2a0000 - 0x000007fefc2be000 	C:\Windows\system32\USERENV.dll
0x000007fefcfa0000 - 0x000007fefcfaf000 	C:\Windows\system32\profapi.dll
0x000007fefce90000 - 0x000007fefce9f000 	C:\Windows\system32\CRYPTBASE.dll
0x000007fefaba0000 - 0x000007fefabb5000 	C:\Windows\system32\NLAapi.dll
0x000007fef3e20000 - 0x000007fef3e35000 	C:\Windows\system32\napinsp.dll
0x000007fef3e00000 - 0x000007fef3e19000 	C:\Windows\system32\pnrpnsp.dll
0x000007fef3df0000 - 0x000007fef3e00000 	C:\Windows\system32\wshbth.dll
0x000007fefc630000 - 0x000007fefc68b000 	C:\Windows\system32\DNSAPI.dll
0x000007fef40c0000 - 0x000007fef40cb000 	C:\Windows\System32\winrnr.dll
0x000007fef3f00000 - 0x000007fef3f2f000 	C:\Program Files\Common Files\Microsoft Shared\Windows Live\WLIDNSP.DLL
0x0000000077380000 - 0x0000000077387000 	C:\Windows\system32\PSAPI.DLL
0x000007feff310000 - 0x000007feff381000 	C:\Windows\system32\SHLWAPI.dll
0x000007fef8c60000 - 0x000007fef8c87000 	C:\Windows\system32\IPHLPAPI.DLL
0x000007fef8c50000 - 0x000007fef8c5b000 	C:\Windows\system32\WINNSI.DLL
0x000007fef3ef0000 - 0x000007fef3ef8000 	C:\Windows\system32\rasadhlp.dll
0x000007fef8a70000 - 0x000007fef8ac3000 	C:\Windows\System32\fwpuclnt.dll

VM Arguments:
jvm_args: -XX:PermSize=512M -XX:MaxPermSize=1G -Xms1G -Xmx2G -Dfile.encoding=UTF-8 
java_command: org.eclipse.jdt.internal.junit.runner.RemoteTestRunner -version 3 -port 52346 -testLoaderClass org.eclipse.jdt.internal.junit4.runner.JUnit4TestLoader -loaderpluginname org.eclipse.jdt.junit4.runtime -classNames tr.com.serkanozal.jiagara.benchmark.SerializationBenchmarkTest
Launcher Type: SUN_STANDARD

Environment Variables:
JAVA_HOME=C:\Program Files\Java\jdk1.6.0_30
CLASSPATH=.;C:\Program Files (x86)\Java\jre7\lib\ext\QTJava.zip
PATH=D:\app\Asus\product\11.2.0\client_1\bin;C:\Program Files\Common Files\Microsoft Shared\Windows Live;C:\Program Files (x86)\Common Files\Microsoft Shared\Windows Live;C:\Program Files (x86)\AMD APP\bin\x86_64;C:\Program Files (x86)\AMD APP\bin\x86;C:\Windows\system32;C:\Windows;C:\Windows\System32\Wbem;C:\Windows\System32\WindowsPowerShell\v1.0\;C:\Program Files (x86)\ATI Technologies\ATI.ACE\Core-Static;C:\Program Files\WIDCOMM\Bluetooth Software\;C:\Program Files\WIDCOMM\Bluetooth Software\syswow64;C:\Program Files (x86)\Windows Live\Shared;D:\Computer Sciences\Tools\Ant\apache-ant-1.8.0\bin;D:\Computer Sciences\Tools\Maven\apache-maven-3.0.4\bin;C:\Program Files (x86)\GnuWin32\bin;C:\Program Files\Java\jdk1.6.0_30;C:\Program Files\Java\jdk1.6.0_30\bin;C:\Program Files\TortoiseSVN\bin;C:\OpenCV2.1\bin;C:\Program Files (x86)\CMake 2.8\bin;C:\MinGW\bin;C:\Program Files (x86)\Git\bin;;C:\Program Files\Java\jdk1.6.0_30\bin;C:\Program Files\MiKTeX 2.9\miktex\bin\x64\;C:\Program Files (x86)\QuickTime\QTSystem\;C:\Program Files (x86)\SSH Communications Security\SSH Secure Shell
USERNAME=Asus
OS=Windows_NT
PROCESSOR_IDENTIFIER=Intel64 Family 6 Model 30 Stepping 5, GenuineIntel



---------------  S Y S T E M  ---------------

OS: Windows 7 , 64 bit Build 7601 Service Pack 1

CPU:total 8 (4 cores per cpu, 2 threads per core) family 6 model 30 stepping 5, cmov, cx8, fxsr, mmx, sse, sse2, sse3, ssse3, sse4.1, sse4.2, popcnt, ht

Memory: 4k page, physical 8311132k(2824424k free), swap 16620400k(7665544k free)

vm_info: Java HotSpot(TM) 64-Bit Server VM (20.5-b03) for windows-amd64 JRE (1.6.0_30-b12), built on Nov 10 2011 01:49:46 by "java_re" with MS VC++ 8.0 (VS2005)

time: Fri Oct 18 12:56:42 2013
elapsed time: 7 seconds

